<?xml version="1.0" encoding="UTF-8"?>
<!-- Generated by org.testng.reporters.JUnitXMLReporter -->
<testsuite ignored="0" hostname="LAPTOP-5U3K4UF1" failures="3" tests="5" name="Test" time="29.625" errors="0" timestamp="2025-12-20T11:24:15 IST">
  <testcase classname="testCases.TC_003_LoginDDT" name="verify_LoginDDT" time="6.478"/>
  <testcase classname="testCases.TC_003_LoginDDT" name="verify_LoginDDT" time="1.815">
    <failure type="java.lang.AssertionError" message="expected [true] but found [false]">
      <![CDATA[java.lang.AssertionError: expected [true] but found [false]
at testCases.TC_003_LoginDDT.verify_LoginDDT(TC_003_LoginDDT.java:53)
at java.base/java.util.ArrayList.forEach(ArrayList.java:1511)
... Removed 31 stack frames]]>
    </failure>
  </testcase> <!-- verify_LoginDDT -->
  <testcase classname="testCases.TC_003_LoginDDT" name="verify_LoginDDT" time="1.432">
    <failure type="java.lang.AssertionError" message="expected [true] but found [false]">
      <![CDATA[java.lang.AssertionError: expected [true] but found [false]
at testCases.TC_003_LoginDDT.verify_LoginDDT(TC_003_LoginDDT.java:53)
at java.base/java.util.ArrayList.forEach(ArrayList.java:1511)
... Removed 31 stack frames]]>
    </failure>
  </testcase> <!-- verify_LoginDDT -->
  <testcase classname="testCases.TC_003_LoginDDT" name="verify_LoginDDT" time="15.521"/>
  <testcase classname="testCases.TC_003_LoginDDT" name="verify_LoginDDT" time="1.52">
    <failure type="java.lang.AssertionError" message="expected [true] but found [false]">
      <![CDATA[java.lang.AssertionError: expected [true] but found [false]
at testCases.TC_003_LoginDDT.verify_LoginDDT(TC_003_LoginDDT.java:53)
at java.base/java.util.ArrayList.forEach(ArrayList.java:1511)
... Removed 31 stack frames]]>
    </failure>
  </testcase> <!-- verify_LoginDDT -->
</testsuite> <!-- Test -->
