<?xml version="1.0" encoding="UTF-8"?>
<testng-results ignored="0" total="2" passed="2" failed="0" skipped="0">
  <reporter-output>
  </reporter-output>
  <suite started-at="2025-12-20T12:16:47 IST" name="Suite" finished-at="2025-12-20T12:16:54 IST" duration-ms="6432">
    <groups>
    </groups>
    <test started-at="2025-12-20T12:16:47 IST" name="Test" finished-at="2025-12-20T12:16:54 IST" duration-ms="6432">
      <class name="testCases.TC_002_LoginTest">
        <test-method is-config="true" signature="Setup(java.lang.String,java.lang.String)[pri:0, instance:testCases.TC_002_LoginTest@5ba88be8]" started-at="2025-12-20T12:16:51 IST" name="Setup" finished-at="2025-12-20T12:16:53 IST" duration-ms="1187" status="PASS">
          <params>
            <param index="0">
              <value>
                <![CDATA[windows]]>
              </value>
            </param>
            <param index="1">
              <value>
                <![CDATA[chrome]]>
              </value>
            </param>
          </params>
          <reporter-output>
          </reporter-output>
        </test-method> <!-- Setup -->
        <test-method signature="verifyLogin()[pri:0, instance:testCases.TC_002_LoginTest@5ba88be8]" started-at="2025-12-20T12:16:53 IST" name="verifyLogin" finished-at="2025-12-20T12:16:54 IST" duration-ms="1161" status="PASS">
          <reporter-output>
          </reporter-output>
        </test-method> <!-- verifyLogin -->
        <test-method is-config="true" signature="teardown()[pri:0, instance:testCases.TC_002_LoginTest@5ba88be8]" started-at="2025-12-20T12:16:54 IST" name="teardown" finished-at="2025-12-20T12:16:54 IST" duration-ms="179" status="PASS">
          <reporter-output>
          </reporter-output>
        </test-method> <!-- teardown -->
      </class> <!-- testCases.TC_002_LoginTest -->
      <class name="testCases.TC_001_UserAccountRegistration">
        <test-method is-config="true" signature="Setup(java.lang.String,java.lang.String)[pri:0, instance:testCases.TC_001_UserAccountRegistration@a3d9978]" started-at="2025-12-20T12:16:47 IST" name="Setup" finished-at="2025-12-20T12:16:49 IST" duration-ms="1677" status="PASS">
          <params>
            <param index="0">
              <value>
                <![CDATA[windows]]>
              </value>
            </param>
            <param index="1">
              <value>
                <![CDATA[chrome]]>
              </value>
            </param>
          </params>
          <reporter-output>
          </reporter-output>
        </test-method> <!-- Setup -->
        <test-method signature="account_Registration()[pri:0, instance:testCases.TC_001_UserAccountRegistration@a3d9978]" started-at="2025-12-20T12:16:49 IST" name="account_Registration" finished-at="2025-12-20T12:16:51 IST" duration-ms="1998" status="PASS">
          <reporter-output>
          </reporter-output>
        </test-method> <!-- account_Registration -->
        <test-method is-config="true" signature="teardown()[pri:0, instance:testCases.TC_001_UserAccountRegistration@a3d9978]" started-at="2025-12-20T12:16:51 IST" name="teardown" finished-at="2025-12-20T12:16:51 IST" duration-ms="187" status="PASS">
          <reporter-output>
          </reporter-output>
        </test-method> <!-- teardown -->
      </class> <!-- testCases.TC_001_UserAccountRegistration -->
    </test> <!-- Test -->
  </suite> <!-- Suite -->
</testng-results>
