<?xml version="1.0" encoding="UTF-8"?>
<testng-results ignored="0" total="1" passed="1" failed="0" skipped="0">
  <reporter-output>
  </reporter-output>
  <suite started-at="2025-12-28T22:23:47 IST" name="Suite" finished-at="2025-12-28T22:23:51 IST" duration-ms="4478">
    <groups>
    </groups>
    <test started-at="2025-12-28T22:23:47 IST" name="Test" finished-at="2025-12-28T22:23:51 IST" duration-ms="4478">
      <class name="testCases.TC_004_ProductSearch">
        <test-method is-config="true" signature="Setup(java.lang.String,java.lang.String)[pri:0, instance:testCases.TC_004_ProductSearch@16ecee1]" started-at="2025-12-28T22:23:47 IST" name="Setup" finished-at="2025-12-28T22:23:50 IST" duration-ms="3292" status="PASS">
          <params>
            <param index="0">
              <value>
                <![CDATA[chrome]]>
              </value>
            </param>
            <param index="1">
              <value>
                <![CDATA[windows]]>
              </value>
            </param>
          </params>
          <reporter-output>
          </reporter-output>
        </test-method> <!-- Setup -->
        <test-method signature="searchProduct()[pri:0, instance:testCases.TC_004_ProductSearch@16ecee1]" started-at="2025-12-28T22:23:50 IST" name="searchProduct" finished-at="2025-12-28T22:23:51 IST" duration-ms="652" status="PASS">
          <reporter-output>
          </reporter-output>
        </test-method> <!-- searchProduct -->
        <test-method is-config="true" signature="teardown()[pri:0, instance:testCases.TC_004_ProductSearch@16ecee1]" started-at="2025-12-28T22:23:51 IST" name="teardown" finished-at="2025-12-28T22:23:51 IST" duration-ms="284" status="PASS">
          <reporter-output>
          </reporter-output>
        </test-method> <!-- teardown -->
      </class> <!-- testCases.TC_004_ProductSearch -->
    </test> <!-- Test -->
  </suite> <!-- Suite -->
</testng-results>
