<?xml version="1.0" encoding="UTF-8"?>
<testng-results ignored="0" total="2" passed="2" failed="0" skipped="0">
  <reporter-output>
  </reporter-output>
  <suite started-at="2025-12-25T22:04:25 IST" name="Suite" finished-at="2025-12-25T22:04:34 IST" duration-ms="8804">
    <groups>
      <group name="Master">
        <method signature="TC_001_UserAccountRegistration.account_Registration()[pri:0, instance:testCases.TC_001_UserAccountRegistration@2b95e48b]" name="account_Registration" class="testCases.TC_001_UserAccountRegistration"/>
        <method signature="TC_002_LoginTest.verifyLogin()[pri:0, instance:testCases.TC_002_LoginTest@13e3c1c7]" name="verifyLogin" class="testCases.TC_002_LoginTest"/>
      </group> <!-- Master -->
      <group name="Sanity">
        <method signature="TC_002_LoginTest.verifyLogin()[pri:0, instance:testCases.TC_002_LoginTest@13e3c1c7]" name="verifyLogin" class="testCases.TC_002_LoginTest"/>
      </group> <!-- Sanity -->
      <group name="Regression">
        <method signature="TC_001_UserAccountRegistration.account_Registration()[pri:0, instance:testCases.TC_001_UserAccountRegistration@2b95e48b]" name="account_Registration" class="testCases.TC_001_UserAccountRegistration"/>
      </group> <!-- Regression -->
    </groups>
    <test started-at="2025-12-25T22:04:25 IST" name="Test" finished-at="2025-12-25T22:04:34 IST" duration-ms="8804">
      <class name="testCases.TC_002_LoginTest">
        <test-method is-config="true" signature="Setup(java.lang.String,java.lang.String)[pri:0, instance:testCases.TC_002_LoginTest@13e3c1c7]" started-at="2025-12-25T22:04:32 IST" name="Setup" finished-at="2025-12-25T22:04:33 IST" duration-ms="1284" status="PASS">
          <params>
            <param index="0">
              <value>
                <![CDATA[chrome]]>
              </value>
            </param>
            <param index="1">
              <value>
                <![CDATA[windows]]>
              </value>
            </param>
          </params>
          <reporter-output>
          </reporter-output>
        </test-method> <!-- Setup -->
        <test-method signature="verifyLogin()[pri:0, instance:testCases.TC_002_LoginTest@13e3c1c7]" started-at="2025-12-25T22:04:33 IST" name="verifyLogin" finished-at="2025-12-25T22:04:34 IST" duration-ms="1199" status="PASS">
          <reporter-output>
          </reporter-output>
        </test-method> <!-- verifyLogin -->
        <test-method is-config="true" signature="teardown()[pri:0, instance:testCases.TC_002_LoginTest@13e3c1c7]" started-at="2025-12-25T22:04:34 IST" name="teardown" finished-at="2025-12-25T22:04:34 IST" duration-ms="159" status="PASS">
          <reporter-output>
          </reporter-output>
        </test-method> <!-- teardown -->
      </class> <!-- testCases.TC_002_LoginTest -->
      <class name="testCases.TC_001_UserAccountRegistration">
        <test-method is-config="true" signature="Setup(java.lang.String,java.lang.String)[pri:0, instance:testCases.TC_001_UserAccountRegistration@2b95e48b]" started-at="2025-12-25T22:04:26 IST" name="Setup" finished-at="2025-12-25T22:04:30 IST" duration-ms="3878" status="PASS">
          <params>
            <param index="0">
              <value>
                <![CDATA[chrome]]>
              </value>
            </param>
            <param index="1">
              <value>
                <![CDATA[windows]]>
              </value>
            </param>
          </params>
          <reporter-output>
          </reporter-output>
        </test-method> <!-- Setup -->
        <test-method signature="account_Registration()[pri:0, instance:testCases.TC_001_UserAccountRegistration@2b95e48b]" started-at="2025-12-25T22:04:30 IST" name="account_Registration" finished-at="2025-12-25T22:04:31 IST" duration-ms="1869" status="PASS">
          <reporter-output>
          </reporter-output>
        </test-method> <!-- account_Registration -->
        <test-method is-config="true" signature="teardown()[pri:0, instance:testCases.TC_001_UserAccountRegistration@2b95e48b]" started-at="2025-12-25T22:04:31 IST" name="teardown" finished-at="2025-12-25T22:04:32 IST" duration-ms="177" status="PASS">
          <reporter-output>
          </reporter-output>
        </test-method> <!-- teardown -->
      </class> <!-- testCases.TC_001_UserAccountRegistration -->
    </test> <!-- Test -->
  </suite> <!-- Suite -->
</testng-results>
